2022.02.08 14:58:22 INFO  tracing is disabled for protocol LSP, to enable tracing of incoming and outgoing JSON messages create an empty file at /home/andrea/learningScala/.metals/lsp.trace.json or /home/andrea/.cache/metals/lsp.trace.json
2022.02.08 14:58:22 INFO  logging to file /home/andrea/learningScala/.metals/metals.log
2022.02.08 14:58:22 INFO  Started: Metals version 0.11.1 in workspace '/home/andrea/learningScala' for client Visual Studio Code 1.64.0.
2022.02.08 14:58:22 INFO  Parse release: 11
2022.02.08 14:58:26 INFO  time: initialize in 4.25s
2022.02.08 14:58:27 WARN  Build server is not auto-connectable.
2022.02.08 14:58:51 INFO  running '/home/andrea/.cache/coursier/arc/https/github.com/AdoptOpenJDK/openjdk11-binaries/releases/download/jdk-11%252B28/OpenJDK11-jdk_x64_linux_hotspot_11_28.tar.gz/jdk-11+28/bin/java -Djline.terminal=jline.UnsupportedTerminal -Dsbt.log.noformat=true -Dfile.encoding=UTF-8 -jar /tmp/metals17208272498362541686/sbt-launch.jar -Dbloop.export-jar-classifiers=sources bloopInstall'
2022.02.08 14:58:51 WARN  no build target for: /home/andrea/learningScala/project/metals.sbt
2022.02.08 14:58:51 WARN  no build target for: /home/andrea/learningScala/project/project/metals.sbt
2022.02.08 14:58:51 INFO  skipping build import with status 'Started'
2022.02.08 14:58:52 ERROR [info] [launcher] getting org.scala-sbt sbt 1.5.2  (this may take some time)...
2022.02.08 14:59:06 ERROR downloading https://repo1.maven.org/maven2/org/scala-lang/scala-library/2.12.13/scala-library-2.12.13.jar ...
2022.02.08 14:59:06 ERROR downloading https://repo1.maven.org/maven2/org/scala-sbt/main_2.12/1.5.2/main_2.12-1.5.2.jar ...
2022.02.08 14:59:06 ERROR downloading https://repo1.maven.org/maven2/org/scala-sbt/sbt/1.5.2/sbt-1.5.2.jar ...
2022.02.08 14:59:06 ERROR downloading https://repo1.maven.org/maven2/org/scala-sbt/io_2.12/1.5.0/io_2.12-1.5.0.jar ...
2022.02.08 14:59:06 ERROR downloading https://repo1.maven.org/maven2/org/scala-sbt/main-settings_2.12/1.5.2/main-settings_2.12-1.5.2.jar ...
2022.02.08 14:59:06 ERROR downloading https://repo1.maven.org/maven2/org/scala-sbt/actions_2.12/1.5.2/actions_2.12-1.5.2.jar ...
2022.02.08 14:59:06 ERROR downloading https://repo1.maven.org/maven2/org/scala-sbt/logic_2.12/1.5.2/logic_2.12-1.5.2.jar ...
2022.02.08 14:59:06 ERROR downloading https://repo1.maven.org/maven2/org/scala-sbt/run_2.12/1.5.2/run_2.12-1.5.2.jar ...
2022.02.08 14:59:06 ERROR :: loading settings :: url = jar:file:/tmp/metals17208272498362541686/sbt-launch.jar!/org/apache/ivy/core/settings/ivysettings.xml
2022.02.08 14:59:06 ERROR :: loading settings :: url = jar:file:/tmp/metals17208272498362541686/sbt-launch.jar!/org/apache/ivy/core/settings/ivysettings.xml
2022.02.08 14:59:06 ERROR :: loading settings :: url = jar:file:/tmp/metals17208272498362541686/sbt-launch.jar!/org/apache/ivy/core/settings/ivysettings.xml
2022.02.08 14:59:06 ERROR :: loading settings :: url = jar:file:/tmp/metals17208272498362541686/sbt-launch.jar!/org/apache/ivy/core/settings/ivysettings.xml
2022.02.08 14:59:06 ERROR :: loading settings :: url = jar:file:/tmp/metals17208272498362541686/sbt-launch.jar!/org/apache/ivy/core/settings/ivysettings.xml
2022.02.08 14:59:06 ERROR :: loading settings :: url = jar:file:/tmp/metals17208272498362541686/sbt-launch.jar!/org/apache/ivy/core/settings/ivysettings.xml
2022.02.08 14:59:06 ERROR :: loading settings :: url = jar:file:/tmp/metals17208272498362541686/sbt-launch.jar!/org/apache/ivy/core/settings/ivysettings.xml
2022.02.08 14:59:06 ERROR :: loading settings :: url = jar:file:/tmp/metals17208272498362541686/sbt-launch.jar!/org/apache/ivy/core/settings/ivysettings.xml
2022.02.08 14:59:08 ERROR 	[SUCCESSFUL ] org.scala-sbt#sbt;1.5.2!sbt.jar (1738ms)
2022.02.08 14:59:08 ERROR downloading https://repo1.maven.org/maven2/org/scala-sbt/command_2.12/1.5.2/command_2.12-1.5.2.jar ...
2022.02.08 14:59:08 ERROR 	[SUCCESSFUL ] org.scala-sbt#logic_2.12;1.5.2!logic_2.12.jar (2243ms)
2022.02.08 14:59:08 ERROR downloading https://repo1.maven.org/maven2/org/scala-sbt/collections_2.12/1.5.2/collections_2.12-1.5.2.jar ...
2022.02.08 14:59:08 ERROR 	[SUCCESSFUL ] org.scala-sbt#run_2.12;1.5.2!run_2.12.jar (2344ms)
2022.02.08 14:59:08 ERROR downloading https://repo1.maven.org/maven2/org/scala-sbt/scripted-plugin_2.12/1.5.2/scripted-plugin_2.12-1.5.2.jar ...
2022.02.08 14:59:09 ERROR 	[SUCCESSFUL ] org.scala-sbt#actions_2.12;1.5.2!actions_2.12.jar (3224ms)
2022.02.08 14:59:09 ERROR downloading https://repo1.maven.org/maven2/org/scala-sbt/zinc-lm-integration_2.12/1.5.2/zinc-lm-integration_2.12-1.5.2.jar ...
2022.02.08 14:59:09 ERROR 	[SUCCESSFUL ] org.scala-sbt#scripted-plugin_2.12;1.5.2!scripted-plugin_2.12.jar (1572ms)
2022.02.08 14:59:09 ERROR downloading https://repo1.maven.org/maven2/org/scala-sbt/util-logging_2.12/1.5.2/util-logging_2.12-1.5.2.jar ...
2022.02.08 14:59:11 ERROR 	[SUCCESSFUL ] org.scala-sbt#zinc-lm-integration_2.12;1.5.2!zinc-lm-integration_2.12.jar (1453ms)
2022.02.08 14:59:11 ERROR downloading https://repo1.maven.org/maven2/org/scala-sbt/launcher-interface/1.3.1/launcher-interface-1.3.1.jar ...
2022.02.08 14:59:11 ERROR 	[SUCCESSFUL ] org.scala-sbt#io_2.12;1.5.0!io_2.12.jar (4957ms)
2022.02.08 14:59:11 ERROR downloading https://repo1.maven.org/maven2/org/scala-sbt/librarymanagement-core_2.12/1.5.0/librarymanagement-core_2.12-1.5.0.jar ...
2022.02.08 14:59:11 ERROR 	[SUCCESSFUL ] org.scala-sbt#main-settings_2.12;1.5.2!main-settings_2.12.jar (4977ms)
2022.02.08 14:59:11 ERROR downloading https://repo1.maven.org/maven2/org/scala-sbt/librarymanagement-ivy_2.12/1.5.0/librarymanagement-ivy_2.12-1.5.0.jar ...
2022.02.08 14:59:11 ERROR 	[SUCCESSFUL ] org.scala-sbt#command_2.12;1.5.2!command_2.12.jar (3498ms)
2022.02.08 14:59:11 ERROR downloading https://repo1.maven.org/maven2/org/scala-sbt/compiler-interface/1.5.3/compiler-interface-1.5.3.jar ...
2022.02.08 14:59:11 ERROR 	[SUCCESSFUL ] org.scala-sbt#collections_2.12;1.5.2!collections_2.12.jar (2987ms)
2022.02.08 14:59:11 ERROR downloading https://repo1.maven.org/maven2/org/scala-sbt/zinc-compile_2.12/1.5.3/zinc-compile_2.12-1.5.3.jar ...
2022.02.08 14:59:12 ERROR 	[SUCCESSFUL ] org.scala-sbt#launcher-interface;1.3.1!launcher-interface.jar (1221ms)
2022.02.08 14:59:12 ERROR downloading https://repo1.maven.org/maven2/org/scala-sbt/util-relation_2.12/1.5.2/util-relation_2.12-1.5.2.jar ...
2022.02.08 14:59:12 ERROR 	[SUCCESSFUL ] org.scala-sbt#zinc-compile_2.12;1.5.3!zinc-compile_2.12.jar (1384ms)
2022.02.08 14:59:12 ERROR downloading https://repo1.maven.org/maven2/org/scala-sbt/util-position_2.12/1.5.2/util-position_2.12-1.5.2.jar ...
2022.02.08 14:59:12 ERROR 	[SUCCESSFUL ] org.scala-sbt#compiler-interface;1.5.3!compiler-interface.jar (1657ms)
2022.02.08 14:59:12 ERROR downloading https://repo1.maven.org/maven2/org/scala-lang/scala-reflect/2.12.13/scala-reflect-2.12.13.jar ...
2022.02.08 14:59:13 ERROR 	[SUCCESSFUL ] org.scala-sbt#util-logging_2.12;1.5.2!util-logging_2.12.jar (3080ms)
2022.02.08 14:59:13 ERROR downloading https://repo1.maven.org/maven2/org/scala-sbt/completion_2.12/1.5.2/completion_2.12-1.5.2.jar ...
2022.02.08 14:59:13 ERROR 	[SUCCESSFUL ] org.scala-sbt#util-relation_2.12;1.5.2!util-relation_2.12.jar (1241ms)
2022.02.08 14:59:13 ERROR downloading https://repo1.maven.org/maven2/org/scala-sbt/task-system_2.12/1.5.2/task-system_2.12-1.5.2.jar ...
2022.02.08 14:59:14 ERROR 	[SUCCESSFUL ] org.scala-sbt#util-position_2.12;1.5.2!util-position_2.12.jar (1625ms)
2022.02.08 14:59:14 ERROR downloading https://repo1.maven.org/maven2/org/scala-sbt/tasks_2.12/1.5.2/tasks_2.12-1.5.2.jar ...
2022.02.08 14:59:14 ERROR 	[SUCCESSFUL ] org.scala-sbt#librarymanagement-ivy_2.12;1.5.0!librarymanagement-ivy_2.12.jar (3554ms)
2022.02.08 14:59:14 ERROR downloading https://repo1.maven.org/maven2/org/scala-sbt/testing_2.12/1.5.2/testing_2.12-1.5.2.jar ...
2022.02.08 14:59:16 ERROR 	[SUCCESSFUL ] org.scala-sbt#task-system_2.12;1.5.2!task-system_2.12.jar (2338ms)
2022.02.08 14:59:16 ERROR downloading https://repo1.maven.org/maven2/org/scala-sbt/util-tracking_2.12/1.5.2/util-tracking_2.12-1.5.2.jar ...
2022.02.08 14:59:16 ERROR 	[SUCCESSFUL ] org.scala-sbt#librarymanagement-core_2.12;1.5.0!librarymanagement-core_2.12.jar (4811ms)
2022.02.08 14:59:16 ERROR downloading https://repo1.maven.org/maven2/org/scala-sbt/zinc-classpath_2.12/1.5.3/zinc-classpath_2.12-1.5.3.jar ...
2022.02.08 14:59:16 ERROR 	[SUCCESSFUL ] org.scala-sbt#completion_2.12;1.5.2!completion_2.12.jar (2989ms)
2022.02.08 14:59:16 ERROR downloading https://repo1.maven.org/maven2/org/scala-sbt/zinc-apiinfo_2.12/1.5.3/zinc-apiinfo_2.12-1.5.3.jar ...
2022.02.08 14:59:16 ERROR 	[SUCCESSFUL ] org.scala-sbt#tasks_2.12;1.5.2!tasks_2.12.jar (1881ms)
2022.02.08 14:59:16 ERROR downloading https://repo1.maven.org/maven2/org/scala-sbt/zinc_2.12/1.5.3/zinc_2.12-1.5.3.jar ...
2022.02.08 14:59:17 ERROR 	[SUCCESSFUL ] org.scala-sbt#testing_2.12;1.5.2!testing_2.12.jar (2152ms)
2022.02.08 14:59:17 ERROR downloading https://repo1.maven.org/maven2/org/scala-sbt/util-control_2.12/1.5.2/util-control_2.12-1.5.2.jar ...
2022.02.08 14:59:17 ERROR 	[SUCCESSFUL ] org.scala-sbt#main_2.12;1.5.2!main_2.12.jar (10897ms)
2022.02.08 14:59:17 ERROR downloading https://repo1.maven.org/maven2/org/scala-sbt/util-interface/1.5.2/util-interface-1.5.2.jar ...
2022.02.08 14:59:17 ERROR 	[SUCCESSFUL ] org.scala-sbt#util-tracking_2.12;1.5.2!util-tracking_2.12.jar (1739ms)
2022.02.08 14:59:17 ERROR downloading https://repo1.maven.org/maven2/org/scala-sbt/core-macros_2.12/1.5.2/core-macros_2.12-1.5.2.jar ...
2022.02.08 14:59:18 ERROR 	[SUCCESSFUL ] org.scala-sbt#zinc-classpath_2.12;1.5.3!zinc-classpath_2.12.jar (2355ms)
2022.02.08 14:59:18 ERROR downloading https://repo1.maven.org/maven2/org/scala-lang/scala-compiler/2.12.13/scala-compiler-2.12.13.jar ...
2022.02.08 14:59:21 ERROR 	[SUCCESSFUL ] org.scala-sbt#zinc_2.12;1.5.3!zinc_2.12.jar (4262ms)
2022.02.08 14:59:21 ERROR downloading https://repo1.maven.org/maven2/org/scala-sbt/util-cache_2.12/1.5.2/util-cache_2.12-1.5.2.jar ...
2022.02.08 14:59:21 ERROR 	[SUCCESSFUL ] org.scala-sbt#zinc-apiinfo_2.12;1.5.3!zinc-apiinfo_2.12.jar (4837ms)
2022.02.08 14:59:21 ERROR downloading https://repo1.maven.org/maven2/org/scala-sbt/test-agent/1.5.2/test-agent-1.5.2.jar ...
2022.02.08 14:59:21 ERROR 	[SUCCESSFUL ] org.scala-sbt#util-control_2.12;1.5.2!util-control_2.12.jar (4315ms)
2022.02.08 14:59:21 ERROR downloading https://repo1.maven.org/maven2/org/scala-sbt/compiler-bridge_2.12/1.5.3/compiler-bridge_2.12-1.5.3.jar ...
2022.02.08 14:59:21 ERROR 	[SUCCESSFUL ] org.scala-sbt#util-interface;1.5.2!util-interface.jar (4174ms)
2022.02.08 14:59:21 ERROR downloading https://repo1.maven.org/maven2/org/scala-sbt/zinc-classfile_2.12/1.5.3/zinc-classfile_2.12-1.5.3.jar ...
2022.02.08 14:59:22 ERROR 	[SUCCESSFUL ] org.scala-sbt#core-macros_2.12;1.5.2!core-macros_2.12.jar (4640ms)
2022.02.08 14:59:22 ERROR downloading https://repo1.maven.org/maven2/org/scala-sbt/zinc-core_2.12/1.5.3/zinc-core_2.12-1.5.3.jar ...
2022.02.08 14:59:25 ERROR 	[SUCCESSFUL ] org.scala-sbt#test-agent;1.5.2!test-agent.jar (3961ms)
2022.02.08 14:59:25 ERROR downloading https://repo1.maven.org/maven2/org/scala-sbt/zinc-persist_2.12/1.5.3/zinc-persist_2.12-1.5.3.jar ...
2022.02.08 14:59:27 ERROR 	[SUCCESSFUL ] org.scala-sbt#zinc-classfile_2.12;1.5.3!zinc-classfile_2.12.jar (6077ms)
2022.02.08 14:59:27 ERROR downloading https://repo1.maven.org/maven2/org/scala-sbt/zinc-compile-core_2.12/1.5.3/zinc-compile-core_2.12-1.5.3.jar ...
2022.02.08 14:59:29 ERROR 	[SUCCESSFUL ] org.scala-sbt#util-cache_2.12;1.5.2!util-cache_2.12.jar (8184ms)
2022.02.08 14:59:29 ERROR downloading https://repo1.maven.org/maven2/org/scala-sbt/zinc-persist-core-assembly/1.5.3/zinc-persist-core-assembly-1.5.3.jar ...
2022.02.08 14:59:29 ERROR 	[SUCCESSFUL ] org.scala-lang#scala-library;2.12.13!scala-library.jar (22693ms)
2022.02.08 14:59:29 ERROR downloading https://repo1.maven.org/maven2/org/scala-sbt/protocol_2.12/1.5.2/protocol_2.12-1.5.2.jar ...
2022.02.08 14:59:29 INFO  no build target found for /home/andrea/learningScala/project/metals.sbt. Using presentation compiler with project's scala-library version: 3.1.0
2022.02.08 14:59:31 ERROR 	[SUCCESSFUL ] org.scala-sbt#compiler-bridge_2.12;1.5.3!compiler-bridge_2.12.jar (9442ms)
2022.02.08 14:59:31 ERROR downloading https://repo1.maven.org/maven2/org/scala-sbt/ipcsocket/ipcsocket/1.3.0/ipcsocket-1.3.0.jar ...
2022.02.08 14:59:32 ERROR 	[SUCCESSFUL ] org.scala-sbt#zinc-core_2.12;1.5.3!zinc-core_2.12.jar (9689ms)
2022.02.08 14:59:36 ERROR 	[SUCCESSFUL ] org.scala-sbt#zinc-persist_2.12;1.5.3!zinc-persist_2.12.jar (10841ms)
2022.02.08 14:59:36 ERROR 	[SUCCESSFUL ] org.scala-sbt#zinc-compile-core_2.12;1.5.3!zinc-compile-core_2.12.jar (8527ms)
2022.02.08 14:59:36 ERROR 	[SUCCESSFUL ] org.scala-sbt.ipcsocket#ipcsocket;1.3.0!ipcsocket.jar (5581ms)
2022.02.08 14:59:36 ERROR 	[SUCCESSFUL ] org.scala-sbt#protocol_2.12;1.5.2!protocol_2.12.jar (7588ms)
2022.02.08 14:59:37 ERROR 	[SUCCESSFUL ] org.scala-lang#scala-reflect;2.12.13!scala-reflect.jar (24015ms)
2022.02.08 14:59:44 ERROR 	[SUCCESSFUL ] org.scala-lang#scala-compiler;2.12.13!scala-compiler.jar (25874ms)
2022.02.08 14:59:44 ERROR 	[SUCCESSFUL ] org.scala-sbt#zinc-persist-core-assembly;1.5.3!zinc-persist-core-assembly.jar (15621ms)
2022.02.08 14:59:44 ERROR :: retrieving :: org.scala-sbt#boot-app
2022.02.08 14:59:44 ERROR 	confs: [default]
2022.02.08 14:59:44 ERROR 	83 artifacts copied, 0 already retrieved
2022.02.08 14:59:44 ERROR [info] [launcher] getting Scala 2.12.13 (for sbt)...
2022.02.08 14:59:44 ERROR :: retrieving :: org.scala-sbt#boot-scala
2022.02.08 14:59:44 ERROR 	confs: [default]
2022.02.08 14:59:44 ERROR 	6 artifacts copied, 0 already retrieved
2022.02.08 14:59:46 INFO  [info] welcome to sbt 1.5.2 (Oracle Corporation Java 11)
2022.02.08 14:59:50 INFO  [info] loading settings for project learningscala-build-build from metals.sbt ...
2022.02.08 14:59:50 INFO  [info] loading project definition from /home/andrea/learningScala/project/project
2022.02.08 15:00:05 INFO  [info] loading settings for project learningscala-build from metals.sbt ...
2022.02.08 15:00:05 INFO  [info] loading project definition from /home/andrea/learningScala/project
2022.02.08 15:00:20 INFO  [success] Generated .bloop/learningscala-build.json
2022.02.08 15:00:20 INFO  [success] Total time: 15 s, completed Feb 8, 2022, 3:00:20 PM
2022.02.08 15:00:21 INFO  [info] loading settings for project learningscala from build.sbt ...
2022.02.08 15:00:21 INFO  [info] set current project to learningscala (in build file:/home/andrea/learningScala/)
2022.02.08 15:00:37 INFO  [success] Generated .bloop/learningscala-test.json
2022.02.08 15:00:37 INFO  [success] Generated .bloop/learningscala.json
2022.02.08 15:00:37 INFO  [success] Total time: 15 s, completed Feb 8, 2022, 3:00:37 PM
2022.02.08 15:00:37 INFO  time: ran 'sbt bloopInstall' in 1m45s
2022.02.08 15:00:37 INFO  Attempting to connect to the build server...
2022.02.08 15:01:05 INFO  tracing is disabled for protocol BSP, to enable tracing of incoming and outgoing JSON messages create an empty file at /home/andrea/learningScala/.metals/bsp.trace.json or /home/andrea/.cache/metals/bsp.trace.json
